0 verbose cli /data/data/com.termux/files/usr/bin/node /data/data/com.termux/files/usr/bin/npm
1 info using npm@9.4.0
2 info using node@v19.6.1
3 timing npm:load:whichnode Completed in 7ms
4 timing config:load:defaults Completed in 12ms
5 timing config:load:file:/data/data/com.termux/files/usr/lib/node_modules/npm/npmrc Completed in 1ms
6 timing config:load:builtin Completed in 3ms
7 timing config:load:cli Completed in 9ms
8 timing config:load:env Completed in 2ms
9 timing config:load:project Completed in 3ms
10 timing config:load:file:/data/data/com.termux/files/home/.npmrc Completed in 7ms
11 timing config:load:user Completed in 7ms
12 timing config:load:file:/data/data/com.termux/files/usr/etc/npmrc Completed in 0ms
13 timing config:load:global Completed in 1ms
14 timing config:load:setEnvs Completed in 6ms
15 timing config:load Completed in 50ms
16 timing npm:load:configload Completed in 50ms
17 timing npm:load:mkdirpcache Completed in 1ms
18 timing npm:load:mkdirplogs Completed in 1ms
19 verbose title npm init
20 verbose argv "init"
21 timing npm:load:setTitle Completed in 7ms
22 timing config:load:flatten Completed in 18ms
23 timing npm:load:display Completed in 24ms
24 verbose logfile logs-max:10 dir:/data/data/com.termux/files/home/.npm/_logs/2023-03-07T15_47_41_265Z-
25 verbose logfile /data/data/com.termux/files/home/.npm/_logs/2023-03-07T15_47_41_265Z-debug-0.log
26 timing npm:load:logFile Completed in 30ms
27 timing npm:load:timers Completed in 0ms
28 timing npm:load:configScope Completed in 0ms
29 timing npm:load Completed in 124ms
30 silly logfile done cleaning log files
31 silly package data {
31 silly package data   dependencies: { 'node-telegram-bot-api': '^0.61.0' },
31 silly package data   name: 'home',
31 silly package data   version: '1.0.0',
31 silly package data   main: 'index.js',
31 silly package data   devDependencies: {},
31 silly package data   scripts: { test: 'echo "Error: no test specified" && exit 1' },
31 silly package data   author: '',
31 silly package data   license: 'ISC',
31 silly package data   description: '',
31 silly package data   [Symbol(newline)]: '\n',
31 silly package data   [Symbol(indent)]: '  '
31 silly package data }
32 info init written successfully
33 timing command:init Completed in 5442ms
34 verbose exit 0
35 timing npm Completed in 5706ms
36 info ok
