0 verbose cli /data/data/com.termux/files/usr/bin/node /data/data/com.termux/files/usr/bin/npm
1 info using npm@9.4.0
2 info using node@v19.6.1
3 timing npm:load:whichnode Completed in 7ms
4 timing config:load:defaults Completed in 11ms
5 timing config:load:file:/data/data/com.termux/files/usr/lib/node_modules/npm/npmrc Completed in 2ms
6 timing config:load:builtin Completed in 2ms
7 timing config:load:cli Completed in 9ms
8 timing config:load:env Completed in 2ms
9 timing config:load:file:/.npmrc Completed in 0ms
10 timing config:load:project Completed in 4ms
11 timing config:load:file:/data/data/com.termux/files/home/.npmrc Completed in 0ms
12 timing config:load:user Completed in 2ms
13 timing config:load:file:/data/data/com.termux/files/usr/etc/npmrc Completed in 0ms
14 timing config:load:global Completed in 1ms
15 timing config:load:setEnvs Completed in 6ms
16 timing config:load Completed in 43ms
17 timing npm:load:configload Completed in 44ms
18 timing npm:load:mkdirpcache Completed in 2ms
19 timing npm:load:mkdirplogs Completed in 1ms
20 verbose title npm config set foreground-scripts true
21 verbose argv "config" "set" "foreground-scripts" "true"
22 timing npm:load:setTitle Completed in 10ms
23 timing config:load:flatten Completed in 18ms
24 timing npm:load:display Completed in 24ms
25 verbose logfile logs-max:10 dir:/data/data/com.termux/files/home/.npm/_logs/2023-03-07T15_45_03_809Z-
26 verbose logfile /data/data/com.termux/files/home/.npm/_logs/2023-03-07T15_45_03_809Z-debug-0.log
27 timing npm:load:logFile Completed in 29ms
28 timing npm:load:timers Completed in 0ms
29 timing npm:load:configScope Completed in 0ms
30 timing npm:load Completed in 119ms
31 info config set "foreground-scripts" "true"
32 silly logfile done cleaning log files
33 timing config:load:flatten Completed in 2ms
34 timing command:config Completed in 361ms
35 verbose exit 0
36 timing npm Completed in 535ms
37 info ok
