0 verbose cli /data/data/com.termux/files/usr/bin/node /data/data/com.termux/files/usr/bin/npm
1 info using npm@9.4.0
2 info using node@v19.6.1
3 timing npm:load:whichnode Completed in 6ms
4 timing config:load:defaults Completed in 11ms
5 timing config:load:file:/data/data/com.termux/files/usr/lib/node_modules/npm/npmrc Completed in 6ms
6 timing config:load:builtin Completed in 6ms
7 timing config:load:cli Completed in 10ms
8 timing config:load:env Completed in 2ms
9 timing config:load:project Completed in 5ms
10 timing config:load:file:/data/data/com.termux/files/home/.npmrc Completed in 7ms
11 timing config:load:user Completed in 10ms
12 timing config:load:file:/data/data/com.termux/files/usr/etc/npmrc Completed in 1ms
13 timing config:load:global Completed in 3ms
14 timing config:load:setEnvs Completed in 6ms
15 timing config:load Completed in 56ms
16 timing npm:load:configload Completed in 57ms
17 timing npm:load:mkdirpcache Completed in 1ms
18 timing npm:load:mkdirplogs Completed in 1ms
19 verbose title npm install node-telegram-bot-api
20 verbose argv "install" "node-telegram-bot-api"
21 timing npm:load:setTitle Completed in 8ms
22 timing config:load:flatten Completed in 17ms
23 timing npm:load:display Completed in 23ms
24 verbose logfile logs-max:10 dir:/data/data/com.termux/files/home/.npm/_logs/2023-03-07T15_46_02_264Z-
25 verbose logfile /data/data/com.termux/files/home/.npm/_logs/2023-03-07T15_46_02_264Z-debug-0.log
26 timing npm:load:logFile Completed in 32ms
27 timing npm:load:timers Completed in 1ms
28 timing npm:load:configScope Completed in 0ms
29 timing npm:load Completed in 133ms
30 timing config:load:flatten Completed in 3ms
31 timing arborist:ctor Completed in 5ms
32 silly logfile done cleaning log files
33 timing arborist:ctor Completed in 1ms
34 timing idealTree:init Completed in 74ms
35 timing idealTree:userRequests Completed in 15ms
36 silly idealTree buildDeps
37 silly fetch manifest node-telegram-bot-api@*
38 http fetch GET 200 https://registry.npmjs.org/node-telegram-bot-api 2784ms (cache miss)
39 silly placeDep ROOT node-telegram-bot-api@0.61.0 OK for:  want: *
40 silly fetch manifest array.prototype.findindex@^2.0.2
41 silly fetch manifest bl@^1.2.3
42 silly fetch manifest debug@^3.2.7
43 silly fetch manifest eventemitter3@^3.0.0
44 silly fetch manifest file-type@^3.9.0
45 silly fetch manifest mime@^1.6.0
46 silly fetch manifest pump@^2.0.0
47 silly fetch manifest request@^2.83.0
48 silly fetch manifest request-promise@^4.2.2
49 http fetch GET 200 https://registry.npmjs.org/pump 1240ms (cache miss)
50 http fetch GET 200 https://registry.npmjs.org/eventemitter3 2450ms (cache miss)
51 http fetch GET 200 https://registry.npmjs.org/bl 2842ms (cache miss)
52 http fetch GET 200 https://registry.npmjs.org/mime 3110ms (cache miss)
53 http fetch GET 200 https://registry.npmjs.org/debug 3186ms (cache miss)
54 http fetch GET 200 https://registry.npmjs.org/array.prototype.findindex 3564ms (cache miss)
55 http fetch GET 200 https://registry.npmjs.org/request-promise 3851ms (cache miss)
56 http fetch GET 200 https://registry.npmjs.org/request 5551ms (cache miss)
57 http fetch GET 200 https://registry.npmjs.org/npm 9095ms (cache miss)
58 http fetch GET 200 https://registry.npmjs.org/file-type 5965ms (cache miss)
59 timing idealTree:#root Completed in 8865ms
60 silly placeDep ROOT array.prototype.findindex@2.2.1 OK for: node-telegram-bot-api@0.61.0 want: ^2.0.2
61 silly placeDep ROOT bl@1.2.3 OK for: node-telegram-bot-api@0.61.0 want: ^1.2.3
62 silly placeDep ROOT debug@3.2.7 OK for: node-telegram-bot-api@0.61.0 want: ^3.2.7
63 silly placeDep ROOT eventemitter3@3.1.2 OK for: node-telegram-bot-api@0.61.0 want: ^3.0.0
64 silly placeDep ROOT file-type@3.9.0 OK for: node-telegram-bot-api@0.61.0 want: ^3.9.0
65 silly placeDep ROOT mime@1.6.0 OK for: node-telegram-bot-api@0.61.0 want: ^1.6.0
66 silly placeDep ROOT pump@2.0.1 OK for: node-telegram-bot-api@0.61.0 want: ^2.0.0
67 silly placeDep ROOT request@2.88.2 OK for: node-telegram-bot-api@0.61.0 want: ^2.83.0
68 silly placeDep ROOT request-promise@4.2.6 OK for: node-telegram-bot-api@0.61.0 want: ^4.2.2
69 silly fetch manifest call-bind@^1.0.2
70 silly fetch manifest define-properties@^1.1.4
71 silly fetch manifest es-abstract@^1.20.4
72 silly fetch manifest es-shim-unscopables@^1.0.0
73 silly fetch manifest readable-stream@^2.3.5
74 silly fetch manifest safe-buffer@^5.1.1
75 silly fetch manifest ms@^2.1.1
76 silly fetch manifest end-of-stream@^1.1.0
77 silly fetch manifest once@^1.3.1
78 silly fetch manifest aws-sign2@~0.7.0
79 silly fetch manifest aws4@^1.8.0
80 silly fetch manifest caseless@~0.12.0
81 silly fetch manifest combined-stream@~1.0.6
82 silly fetch manifest extend@~3.0.2
83 silly fetch manifest forever-agent@~0.6.1
84 silly fetch manifest form-data@~2.3.2
85 silly fetch manifest har-validator@~5.1.3
86 silly fetch manifest http-signature@~1.2.0
87 silly fetch manifest is-typedarray@~1.0.0
88 silly fetch manifest isstream@~0.1.2
89 silly fetch manifest json-stringify-safe@~5.0.1
90 silly fetch manifest mime-types@~2.1.19
91 silly fetch manifest oauth-sign@~0.9.0
92 silly fetch manifest performance-now@^2.1.0
93 silly fetch manifest qs@~6.5.2
94 silly fetch manifest safe-buffer@^5.1.2
95 silly fetch manifest tough-cookie@~2.5.0
96 silly fetch manifest tunnel-agent@^0.6.0
97 silly fetch manifest uuid@^3.3.2
98 silly fetch manifest request-promise-core@1.1.4
99 silly fetch manifest bluebird@^3.5.0
100 silly fetch manifest stealthy-require@^1.1.1
101 silly fetch manifest tough-cookie@^2.3.3
102 http fetch GET 200 https://registry.npmjs.org/define-properties 472ms (cache miss)
103 http fetch GET 200 https://registry.npmjs.org/es-shim-unscopables 469ms (cache miss)
104 http fetch GET 200 https://registry.npmjs.org/call-bind 486ms (cache miss)
105 http fetch GET 200 https://registry.npmjs.org/once 828ms (cache miss)
106 http fetch GET 200 https://registry.npmjs.org/aws-sign2 823ms (cache miss)
107 http fetch GET 200 https://registry.npmjs.org/safe-buffer 863ms (cache miss)
108 http fetch GET 200 https://registry.npmjs.org/end-of-stream 972ms (cache miss)
109 http fetch GET 200 https://registry.npmjs.org/ms 1088ms (cache miss)
110 http fetch GET 200 https://registry.npmjs.org/har-validator 2217ms (cache miss)
111 http fetch GET 200 https://registry.npmjs.org/http-signature 2221ms (cache miss)
112 http fetch GET 200 https://registry.npmjs.org/form-data 2273ms (cache miss)
113 http fetch GET 200 https://registry.npmjs.org/is-typedarray 2616ms (cache miss)
114 http fetch GET 200 https://registry.npmjs.org/isstream 2649ms (cache miss)
115 http fetch GET 200 https://registry.npmjs.org/json-stringify-safe 2915ms (cache miss)
116 http fetch GET 200 https://registry.npmjs.org/oauth-sign 3561ms (cache miss)
117 http fetch GET 200 https://registry.npmjs.org/mime-types 3633ms (cache miss)
118 http fetch GET 200 https://registry.npmjs.org/aws4 3730ms (cache miss)
119 http fetch GET 200 https://registry.npmjs.org/caseless 3907ms (cache miss)
120 http fetch GET 200 https://registry.npmjs.org/extend 4286ms (cache miss)
121 http fetch GET 200 https://registry.npmjs.org/combined-stream 4635ms (cache miss)
122 http fetch GET 200 https://registry.npmjs.org/forever-agent 4867ms (cache miss)
123 http fetch GET 200 https://registry.npmjs.org/safe-buffer 4840ms (cache miss)
124 http fetch GET 200 https://registry.npmjs.org/tunnel-agent 5210ms (cache miss)
125 http fetch GET 200 https://registry.npmjs.org/tough-cookie 6333ms (cache miss)
126 http fetch GET 200 https://registry.npmjs.org/request-promise-core 8571ms (cache miss)
127 http fetch GET 200 https://registry.npmjs.org/stealthy-require 9524ms (cache miss)
128 http fetch GET 200 https://registry.npmjs.org/es-abstract 10718ms (cache miss)
129 http fetch GET 200 https://registry.npmjs.org/tough-cookie 10868ms (cache miss)
130 http fetch GET 200 https://registry.npmjs.org/performance-now 10981ms (cache miss)
131 http fetch GET 200 https://registry.npmjs.org/uuid 11597ms (cache miss)
132 http fetch GET 200 https://registry.npmjs.org/readable-stream 12020ms (cache miss)
133 http fetch GET 200 https://registry.npmjs.org/qs 12444ms (cache miss)
134 http fetch GET 200 https://registry.npmjs.org/bluebird 12844ms (cache miss)
135 timing idealTree:node_modules/node-telegram-bot-api Completed in 13153ms
136 silly placeDep ROOT call-bind@1.0.2 OK for: array.prototype.findindex@2.2.1 want: ^1.0.2
137 silly placeDep ROOT define-properties@1.2.0 OK for: array.prototype.findindex@2.2.1 want: ^1.1.4
138 silly placeDep ROOT es-abstract@1.21.1 OK for: array.prototype.findindex@2.2.1 want: ^1.20.4
139 silly placeDep ROOT es-shim-unscopables@1.0.0 OK for: array.prototype.findindex@2.2.1 want: ^1.0.0
140 silly fetch manifest function-bind@^1.1.1
141 silly fetch manifest get-intrinsic@^1.0.2
142 silly fetch manifest has-property-descriptors@^1.0.0
143 silly fetch manifest object-keys@^1.1.1
144 silly fetch manifest available-typed-arrays@^1.0.5
145 silly fetch manifest es-set-tostringtag@^2.0.1
146 silly fetch manifest es-to-primitive@^1.2.1
147 silly fetch manifest function.prototype.name@^1.1.5
148 silly fetch manifest get-intrinsic@^1.1.3
149 silly fetch manifest get-symbol-description@^1.0.0
150 silly fetch manifest globalthis@^1.0.3
151 silly fetch manifest gopd@^1.0.1
152 silly fetch manifest has@^1.0.3
153 silly fetch manifest has-proto@^1.0.1
154 silly fetch manifest has-symbols@^1.0.3
155 silly fetch manifest internal-slot@^1.0.4
156 silly fetch manifest is-array-buffer@^3.0.1
157 silly fetch manifest is-callable@^1.2.7
158 silly fetch manifest is-negative-zero@^2.0.2
159 silly fetch manifest is-regex@^1.1.4
160 silly fetch manifest is-shared-array-buffer@^1.0.2
161 silly fetch manifest is-string@^1.0.7
162 silly fetch manifest is-typed-array@^1.1.10
163 silly fetch manifest is-weakref@^1.0.2
164 silly fetch manifest object-inspect@^1.12.2
165 silly fetch manifest object.assign@^4.1.4
166 silly fetch manifest regexp.prototype.flags@^1.4.3
167 silly fetch manifest safe-regex-test@^1.0.0
168 silly fetch manifest string.prototype.trimend@^1.0.6
169 silly fetch manifest string.prototype.trimstart@^1.0.6
170 silly fetch manifest typed-array-length@^1.0.4
171 silly fetch manifest unbox-primitive@^1.0.2
172 silly fetch manifest which-typed-array@^1.1.9
173 http fetch GET 200 https://registry.npmjs.org/has-property-descriptors 441ms (cache miss)
174 http fetch GET 200 https://registry.npmjs.org/function-bind 451ms (cache miss)
175 http fetch GET 200 https://registry.npmjs.org/es-to-primitive 430ms (cache miss)
176 http fetch GET 200 https://registry.npmjs.org/es-set-tostringtag 517ms (cache miss)
177 http fetch GET 200 https://registry.npmjs.org/object-keys 530ms (cache miss)
178 http fetch GET 200 https://registry.npmjs.org/available-typed-arrays 536ms (cache miss)
179 http fetch GET 200 https://registry.npmjs.org/has-symbols 485ms (cache miss)
180 http fetch GET 200 https://registry.npmjs.org/get-symbol-description 525ms (cache miss)
181 http fetch GET 200 https://registry.npmjs.org/has 535ms (cache miss)
182 http fetch GET 200 https://registry.npmjs.org/function.prototype.name 560ms (cache miss)
183 http fetch GET 200 https://registry.npmjs.org/has-proto 673ms (cache miss)
184 http fetch GET 200 https://registry.npmjs.org/gopd 703ms (cache miss)
185 http fetch GET 200 https://registry.npmjs.org/globalthis 761ms (cache miss)
186 http fetch GET 200 https://registry.npmjs.org/get-intrinsic 804ms (cache miss)
187 http fetch GET 200 https://registry.npmjs.org/get-intrinsic 1114ms (cache miss)
188 http fetch GET 200 https://registry.npmjs.org/is-array-buffer 1203ms (cache miss)
189 http fetch GET 200 https://registry.npmjs.org/internal-slot 1215ms (cache miss)
190 http fetch GET 200 https://registry.npmjs.org/is-negative-zero 1297ms (cache miss)
191 http fetch GET 200 https://registry.npmjs.org/is-callable 1612ms (cache miss)
192 http fetch GET 200 https://registry.npmjs.org/is-regex 1637ms (cache miss)
193 http fetch GET 200 https://registry.npmjs.org/is-shared-array-buffer 1665ms (cache miss)
194 http fetch GET 200 https://registry.npmjs.org/is-weakref 1714ms (cache miss)
195 http fetch GET 200 https://registry.npmjs.org/is-string 2014ms (cache miss)
196 http fetch GET 200 https://registry.npmjs.org/object-inspect 2023ms (cache miss)
197 http fetch GET 200 https://registry.npmjs.org/is-typed-array 2162ms (cache miss)
198 http fetch GET 200 https://registry.npmjs.org/object.assign 2257ms (cache miss)
199 http fetch GET 200 https://registry.npmjs.org/safe-regex-test 2288ms (cache miss)
200 http fetch GET 200 https://registry.npmjs.org/string.prototype.trimend 2330ms (cache miss)
201 http fetch GET 200 https://registry.npmjs.org/typed-array-length 2321ms (cache miss)
202 http fetch GET 200 https://registry.npmjs.org/unbox-primitive 2314ms (cache miss)
203 http fetch GET 200 https://registry.npmjs.org/which-typed-array 2336ms (cache miss)
204 http fetch GET 200 https://registry.npmjs.org/regexp.prototype.flags 2386ms (cache miss)
205 http fetch GET 200 https://registry.npmjs.org/string.prototype.trimstart 2416ms (cache miss)
206 timing idealTree:node_modules/array.prototype.findindex Completed in 2599ms
207 silly placeDep ROOT readable-stream@2.3.8 OK for: bl@1.2.3 want: ^2.3.5
208 silly placeDep ROOT safe-buffer@5.2.1 OK for: bl@1.2.3 want: ^5.1.1
209 silly fetch manifest core-util-is@~1.0.0
210 silly fetch manifest inherits@~2.0.3
211 silly fetch manifest isarray@~1.0.0
212 silly fetch manifest process-nextick-args@~2.0.0
213 silly fetch manifest safe-buffer@~5.1.1
214 silly fetch manifest string_decoder@~1.1.1
215 silly fetch manifest util-deprecate@~1.0.1
216 http fetch GET 200 https://registry.npmjs.org/process-nextick-args 261ms (cache miss)
217 http fetch GET 200 https://registry.npmjs.org/inherits 324ms (cache miss)
218 http fetch GET 200 https://registry.npmjs.org/util-deprecate 309ms (cache miss)
219 http fetch GET 200 https://registry.npmjs.org/isarray 326ms (cache miss)
220 http fetch GET 200 https://registry.npmjs.org/core-util-is 338ms (cache miss)
221 http fetch GET 200 https://registry.npmjs.org/string_decoder 320ms (cache miss)
222 timing idealTree:node_modules/bl Completed in 368ms
223 silly placeDep ROOT function-bind@1.1.1 OK for: call-bind@1.0.2 want: ^1.1.1
224 silly placeDep ROOT get-intrinsic@1.2.0 OK for: call-bind@1.0.2 want: ^1.0.2
225 timing idealTree:node_modules/call-bind Completed in 18ms
226 silly placeDep ROOT ms@2.1.3 OK for: debug@3.2.7 want: ^2.1.1
227 timing idealTree:node_modules/debug Completed in 9ms
228 silly placeDep ROOT has-property-descriptors@1.0.0 OK for: define-properties@1.2.0 want: ^1.0.0
229 silly placeDep ROOT object-keys@1.1.1 OK for: define-properties@1.2.0 want: ^1.1.1
230 timing idealTree:node_modules/define-properties Completed in 21ms
231 silly placeDep ROOT available-typed-arrays@1.0.5 OK for: es-abstract@1.21.1 want: ^1.0.5
232 silly placeDep ROOT es-set-tostringtag@2.0.1 OK for: es-abstract@1.21.1 want: ^2.0.1
233 silly placeDep ROOT es-to-primitive@1.2.1 OK for: es-abstract@1.21.1 want: ^1.2.1
234 silly placeDep ROOT function.prototype.name@1.1.5 OK for: es-abstract@1.21.1 want: ^1.1.5
235 silly placeDep ROOT get-symbol-description@1.0.0 OK for: es-abstract@1.21.1 want: ^1.0.0
236 silly placeDep ROOT globalthis@1.0.3 OK for: es-abstract@1.21.1 want: ^1.0.3
237 silly placeDep ROOT gopd@1.0.1 OK for: es-abstract@1.21.1 want: ^1.0.1
238 silly placeDep ROOT has@1.0.3 OK for: es-abstract@1.21.1 want: ^1.0.3
239 silly placeDep ROOT has-proto@1.0.1 OK for: es-abstract@1.21.1 want: ^1.0.1
240 silly placeDep ROOT has-symbols@1.0.3 OK for: es-abstract@1.21.1 want: ^1.0.3
241 silly placeDep ROOT internal-slot@1.0.5 OK for: es-abstract@1.21.1 want: ^1.0.4
242 silly placeDep ROOT is-array-buffer@3.0.2 OK for: es-abstract@1.21.1 want: ^3.0.1
243 silly placeDep ROOT is-callable@1.2.7 OK for: es-abstract@1.21.1 want: ^1.2.7
244 silly placeDep ROOT is-negative-zero@2.0.2 OK for: es-abstract@1.21.1 want: ^2.0.2
245 silly placeDep ROOT is-regex@1.1.4 OK for: es-abstract@1.21.1 want: ^1.1.4
246 silly placeDep ROOT is-shared-array-buffer@1.0.2 OK for: es-abstract@1.21.1 want: ^1.0.2
247 silly placeDep ROOT is-string@1.0.7 OK for: es-abstract@1.21.1 want: ^1.0.7
248 silly placeDep ROOT is-typed-array@1.1.10 OK for: es-abstract@1.21.1 want: ^1.1.10
249 silly placeDep ROOT is-weakref@1.0.2 OK for: es-abstract@1.21.1 want: ^1.0.2
250 silly placeDep ROOT object-inspect@1.12.3 OK for: es-abstract@1.21.1 want: ^1.12.2
251 silly placeDep ROOT object.assign@4.1.4 OK for: es-abstract@1.21.1 want: ^4.1.4
252 silly placeDep ROOT regexp.prototype.flags@1.4.3 OK for: es-abstract@1.21.1 want: ^1.4.3
253 silly placeDep ROOT safe-regex-test@1.0.0 OK for: es-abstract@1.21.1 want: ^1.0.0
254 silly placeDep ROOT string.prototype.trimend@1.0.6 OK for: es-abstract@1.21.1 want: ^1.0.6
255 silly placeDep ROOT string.prototype.trimstart@1.0.6 OK for: es-abstract@1.21.1 want: ^1.0.6
256 silly placeDep ROOT typed-array-length@1.0.4 OK for: es-abstract@1.21.1 want: ^1.0.4
257 silly placeDep ROOT unbox-primitive@1.0.2 OK for: es-abstract@1.21.1 want: ^1.0.2
258 silly placeDep ROOT which-typed-array@1.1.9 OK for: es-abstract@1.21.1 want: ^1.1.9
259 silly fetch manifest has-tostringtag@^1.0.0
260 silly fetch manifest is-date-object@^1.0.1
261 silly fetch manifest is-symbol@^1.0.2
262 silly fetch manifest functions-have-names@^1.2.2
263 silly fetch manifest side-channel@^1.0.4
264 silly fetch manifest for-each@^0.3.3
265 silly fetch manifest has-bigints@^1.0.2
266 silly fetch manifest which-boxed-primitive@^1.0.2
267 http fetch GET 200 https://registry.npmjs.org/has-tostringtag 147ms (cache miss)
268 http fetch GET 200 https://registry.npmjs.org/is-date-object 194ms (cache miss)
269 http fetch GET 200 https://registry.npmjs.org/is-symbol 194ms (cache miss)
270 http fetch GET 200 https://registry.npmjs.org/for-each 229ms (cache miss)
271 http fetch GET 200 https://registry.npmjs.org/functions-have-names 253ms (cache miss)
272 http fetch GET 200 https://registry.npmjs.org/has-bigints 229ms (cache miss)
273 http fetch GET 200 https://registry.npmjs.org/side-channel 244ms (cache miss)
274 http fetch GET 200 https://registry.npmjs.org/which-boxed-primitive 230ms (cache miss)
275 timing idealTree:node_modules/es-abstract Completed in 498ms
276 timing idealTree:node_modules/available-typed-arrays Completed in 0ms
277 silly placeDep ROOT has-tostringtag@1.0.0 OK for: es-set-tostringtag@2.0.1 want: ^1.0.0
278 timing idealTree:node_modules/es-set-tostringtag Completed in 8ms
279 timing idealTree:node_modules/es-shim-unscopables Completed in 1ms
280 silly placeDep ROOT is-date-object@1.0.5 OK for: es-to-primitive@1.2.1 want: ^1.0.1
281 silly placeDep ROOT is-symbol@1.0.4 OK for: es-to-primitive@1.2.1 want: ^1.0.2
282 timing idealTree:node_modules/es-to-primitive Completed in 14ms
283 timing idealTree:node_modules/eventemitter3 Completed in 0ms
284 timing idealTree:node_modules/file-type Completed in 0ms
285 timing idealTree:node_modules/function-bind Completed in 0ms
286 silly placeDep ROOT functions-have-names@1.2.3 OK for: function.prototype.name@1.1.5 want: ^1.2.2
287 timing idealTree:node_modules/function.prototype.name Completed in 7ms
288 timing idealTree:node_modules/functions-have-names Completed in 0ms
289 timing idealTree:node_modules/get-intrinsic Completed in 0ms
290 timing idealTree:node_modules/get-symbol-description Completed in 0ms
291 timing idealTree:node_modules/globalthis Completed in 1ms
292 timing idealTree:node_modules/gopd Completed in 0ms
293 timing idealTree:node_modules/has Completed in 0ms
294 timing idealTree:node_modules/has-property-descriptors Completed in 0ms
295 timing idealTree:node_modules/has-proto Completed in 0ms
296 timing idealTree:node_modules/has-symbols Completed in 0ms
297 timing idealTree:node_modules/has-tostringtag Completed in 0ms
298 silly placeDep ROOT side-channel@1.0.4 OK for: internal-slot@1.0.5 want: ^1.0.4
299 timing idealTree:node_modules/internal-slot Completed in 11ms
300 timing idealTree:node_modules/is-array-buffer Completed in 0ms
301 timing idealTree:node_modules/is-callable Completed in 0ms
302 timing idealTree:node_modules/is-date-object Completed in 0ms
303 timing idealTree:node_modules/is-negative-zero Completed in 0ms
304 timing idealTree:node_modules/is-regex Completed in 0ms
305 timing idealTree:node_modules/is-shared-array-buffer Completed in 0ms
306 timing idealTree:node_modules/is-string Completed in 0ms
307 timing idealTree:node_modules/is-symbol Completed in 0ms
308 silly placeDep ROOT for-each@0.3.3 OK for: is-typed-array@1.1.10 want: ^0.3.3
309 timing idealTree:node_modules/is-typed-array Completed in 7ms
310 timing idealTree:node_modules/for-each Completed in 0ms
311 timing idealTree:node_modules/is-weakref Completed in 0ms
312 timing idealTree:node_modules/mime Completed in 0ms
313 timing idealTree:node_modules/ms Completed in 0ms
314 timing idealTree:node_modules/object-inspect Completed in 0ms
315 timing idealTree:node_modules/object-keys Completed in 0ms
316 timing idealTree:node_modules/object.assign Completed in 0ms
317 silly placeDep ROOT end-of-stream@1.4.4 OK for: pump@2.0.1 want: ^1.1.0
318 silly placeDep ROOT once@1.4.0 OK for: pump@2.0.1 want: ^1.3.1
319 silly fetch manifest wrappy@1
320 http fetch GET 200 https://registry.npmjs.org/wrappy 184ms (cache miss)
321 timing idealTree:node_modules/pump Completed in 206ms
322 timing idealTree:node_modules/end-of-stream Completed in 0ms
323 silly placeDep ROOT wrappy@1.0.2 OK for: once@1.4.0 want: 1
324 timing idealTree:node_modules/once Completed in 6ms
325 silly placeDep ROOT core-util-is@1.0.3 OK for: readable-stream@2.3.8 want: ~1.0.0
326 silly placeDep ROOT inherits@2.0.4 OK for: readable-stream@2.3.8 want: ~2.0.3
327 silly placeDep ROOT isarray@1.0.0 OK for: readable-stream@2.3.8 want: ~1.0.0
328 silly placeDep ROOT process-nextick-args@2.0.1 OK for: readable-stream@2.3.8 want: ~2.0.0
329 silly placeDep node_modules/readable-stream safe-buffer@5.1.2 OK for: readable-stream@2.3.8 want: ~5.1.1
330 silly placeDep ROOT string_decoder@1.1.1 OK for: readable-stream@2.3.8 want: ~1.1.1
331 silly placeDep ROOT util-deprecate@1.0.2 OK for: readable-stream@2.3.8 want: ~1.0.1
332 silly fetch manifest safe-buffer@~5.1.0
333 timing idealTree:node_modules/readable-stream Completed in 40ms
334 timing idealTree:node_modules/core-util-is Completed in 0ms
335 timing idealTree:node_modules/inherits Completed in 0ms
336 timing idealTree:node_modules/isarray Completed in 0ms
337 timing idealTree:node_modules/process-nextick-args Completed in 0ms
338 timing idealTree:node_modules/regexp.prototype.flags Completed in 1ms
339 silly placeDep ROOT aws-sign2@0.7.0 OK for: request@2.88.2 want: ~0.7.0
340 silly placeDep ROOT aws4@1.12.0 OK for: request@2.88.2 want: ^1.8.0
341 silly placeDep ROOT caseless@0.12.0 OK for: request@2.88.2 want: ~0.12.0
342 silly placeDep ROOT combined-stream@1.0.8 OK for: request@2.88.2 want: ~1.0.6
343 silly placeDep ROOT extend@3.0.2 OK for: request@2.88.2 want: ~3.0.2
344 silly placeDep ROOT forever-agent@0.6.1 OK for: request@2.88.2 want: ~0.6.1
345 silly placeDep ROOT form-data@2.3.3 OK for: request@2.88.2 want: ~2.3.2
346 silly placeDep ROOT har-validator@5.1.5 OK for: request@2.88.2 want: ~5.1.3
347 silly placeDep ROOT http-signature@1.2.0 OK for: request@2.88.2 want: ~1.2.0
348 silly placeDep ROOT is-typedarray@1.0.0 OK for: request@2.88.2 want: ~1.0.0
349 silly placeDep ROOT isstream@0.1.2 OK for: request@2.88.2 want: ~0.1.2
350 silly placeDep ROOT json-stringify-safe@5.0.1 OK for: request@2.88.2 want: ~5.0.1
351 silly placeDep ROOT mime-types@2.1.35 OK for: request@2.88.2 want: ~2.1.19
352 silly placeDep ROOT oauth-sign@0.9.0 OK for: request@2.88.2 want: ~0.9.0
353 silly placeDep ROOT performance-now@2.1.0 OK for: request@2.88.2 want: ^2.1.0
354 silly placeDep ROOT qs@6.5.3 OK for: request@2.88.2 want: ~6.5.2
355 silly placeDep ROOT tough-cookie@2.5.0 OK for: request@2.88.2 want: ~2.5.0
356 silly placeDep ROOT tunnel-agent@0.6.0 OK for: request@2.88.2 want: ^0.6.0
357 silly placeDep ROOT uuid@3.4.0 OK for: request@2.88.2 want: ^3.3.2
358 silly fetch manifest delayed-stream@~1.0.0
359 silly fetch manifest asynckit@^0.4.0
360 silly fetch manifest ajv@^6.12.3
361 silly fetch manifest har-schema@^2.0.0
362 silly fetch manifest assert-plus@^1.0.0
363 silly fetch manifest jsprim@^1.2.2
364 silly fetch manifest sshpk@^1.7.0
365 silly fetch manifest mime-db@1.52.0
366 silly fetch manifest psl@^1.1.28
367 silly fetch manifest punycode@^2.1.1
368 http fetch GET 200 https://registry.npmjs.org/asynckit 247ms (cache miss)
369 http fetch GET 200 https://registry.npmjs.org/delayed-stream 258ms (cache miss)
370 http fetch GET 200 https://registry.npmjs.org/assert-plus 254ms (cache miss)
371 http fetch GET 200 https://registry.npmjs.org/har-schema 268ms (cache miss)
372 http fetch GET 200 https://registry.npmjs.org/punycode 255ms (cache miss)
373 http fetch GET 200 https://registry.npmjs.org/sshpk 399ms (cache miss)
374 http fetch GET 200 https://registry.npmjs.org/jsprim 878ms (cache miss)
375 http fetch GET 200 https://registry.npmjs.org/psl 2280ms (cache miss)
376 http fetch GET 200 https://registry.npmjs.org/mime-db 2340ms (cache miss)
377 http fetch GET 200 https://registry.npmjs.org/ajv 5188ms (cache miss)
378 timing idealTree:node_modules/request Completed in 5389ms
379 timing idealTree:node_modules/aws-sign2 Completed in 0ms
380 timing idealTree:node_modules/aws4 Completed in 1ms
381 timing idealTree:node_modules/caseless Completed in 0ms
382 silly placeDep ROOT delayed-stream@1.0.0 OK for: combined-stream@1.0.8 want: ~1.0.0
383 timing idealTree:node_modules/combined-stream Completed in 6ms
384 timing idealTree:node_modules/delayed-stream Completed in 1ms
385 timing idealTree:node_modules/extend Completed in 0ms
386 timing idealTree:node_modules/forever-agent Completed in 0ms
387 silly placeDep ROOT asynckit@0.4.0 OK for: form-data@2.3.3 want: ^0.4.0
388 timing idealTree:node_modules/form-data Completed in 5ms
389 timing idealTree:node_modules/asynckit Completed in 0ms
390 silly placeDep ROOT ajv@6.12.6 OK for: har-validator@5.1.5 want: ^6.12.3
391 silly placeDep ROOT har-schema@2.0.0 OK for: har-validator@5.1.5 want: ^2.0.0
392 silly fetch manifest fast-deep-equal@^3.1.1
393 silly fetch manifest fast-json-stable-stringify@^2.0.0
394 silly fetch manifest json-schema-traverse@^0.4.1
395 silly fetch manifest uri-js@^4.2.2
396 http fetch GET 200 https://registry.npmjs.org/fast-json-stable-stringify 169ms (cache miss)
397 http fetch GET 200 https://registry.npmjs.org/json-schema-traverse 178ms (cache miss)
398 http fetch GET 200 https://registry.npmjs.org/fast-deep-equal 231ms (cache miss)
399 http fetch GET 200 https://registry.npmjs.org/uri-js 221ms (cache miss)
400 timing idealTree:node_modules/har-validator Completed in 249ms
401 silly placeDep ROOT fast-deep-equal@3.1.3 OK for: ajv@6.12.6 want: ^3.1.1
402 silly placeDep ROOT fast-json-stable-stringify@2.1.0 OK for: ajv@6.12.6 want: ^2.0.0
403 silly placeDep ROOT json-schema-traverse@0.4.1 OK for: ajv@6.12.6 want: ^0.4.1
404 silly placeDep ROOT uri-js@4.4.1 OK for: ajv@6.12.6 want: ^4.2.2
405 silly fetch manifest punycode@^2.1.0
406 timing idealTree:node_modules/ajv Completed in 20ms
407 timing idealTree:node_modules/fast-deep-equal Completed in 0ms
408 timing idealTree:node_modules/fast-json-stable-stringify Completed in 0ms
409 timing idealTree:node_modules/har-schema Completed in 0ms
410 silly placeDep ROOT assert-plus@1.0.0 OK for: http-signature@1.2.0 want: ^1.0.0
411 silly placeDep ROOT jsprim@1.4.2 OK for: http-signature@1.2.0 want: ^1.2.2
412 silly placeDep ROOT sshpk@1.17.0 OK for: http-signature@1.2.0 want: ^1.7.0
413 silly fetch manifest extsprintf@1.3.0
414 silly fetch manifest json-schema@0.4.0
415 silly fetch manifest verror@1.10.0
416 silly fetch manifest asn1@~0.2.3
417 silly fetch manifest dashdash@^1.12.0
418 silly fetch manifest getpass@^0.1.1
419 silly fetch manifest safer-buffer@^2.0.2
420 silly fetch manifest jsbn@~0.1.0
421 silly fetch manifest tweetnacl@~0.14.0
422 silly fetch manifest ecc-jsbn@~0.1.1
423 silly fetch manifest bcrypt-pbkdf@^1.0.0
424 http fetch GET 200 https://registry.npmjs.org/getpass 169ms (cache miss)
425 http fetch GET 200 https://registry.npmjs.org/extsprintf 257ms (cache miss)
426 http fetch GET 200 https://registry.npmjs.org/json-schema 383ms (cache miss)
427 http fetch GET 200 https://registry.npmjs.org/dashdash 435ms (cache miss)
428 http fetch GET 200 https://registry.npmjs.org/jsbn 451ms (cache miss)
429 http fetch GET 200 https://registry.npmjs.org/ecc-jsbn 463ms (cache miss)
430 http fetch GET 200 https://registry.npmjs.org/bcrypt-pbkdf 512ms (cache miss)
431 http fetch GET 200 https://registry.npmjs.org/tweetnacl 525ms (cache miss)
432 http fetch GET 200 https://registry.npmjs.org/asn1 555ms (cache miss)
433 http fetch GET 200 https://registry.npmjs.org/safer-buffer 544ms (cache miss)
434 http fetch GET 200 https://registry.npmjs.org/verror 569ms (cache miss)
435 timing idealTree:node_modules/http-signature Completed in 604ms
436 timing idealTree:node_modules/assert-plus Completed in 0ms
437 timing idealTree:node_modules/is-typedarray Completed in 0ms
438 timing idealTree:node_modules/isstream Completed in 0ms
439 timing idealTree:node_modules/json-schema-traverse Completed in 0ms
440 timing idealTree:node_modules/json-stringify-safe Completed in 0ms
441 silly placeDep ROOT extsprintf@1.3.0 OK for: jsprim@1.4.2 want: 1.3.0
442 silly placeDep ROOT json-schema@0.4.0 OK for: jsprim@1.4.2 want: 0.4.0
443 silly placeDep ROOT verror@1.10.0 OK for: jsprim@1.4.2 want: 1.10.0
444 silly fetch manifest core-util-is@1.0.2
445 timing idealTree:node_modules/jsprim Completed in 20ms
446 timing idealTree:node_modules/extsprintf Completed in 0ms
447 timing idealTree:node_modules/json-schema Completed in 0ms
448 silly placeDep ROOT mime-db@1.52.0 OK for: mime-types@2.1.35 want: 1.52.0
449 timing idealTree:node_modules/mime-types Completed in 6ms
450 timing idealTree:node_modules/mime-db Completed in 0ms
451 timing idealTree:node_modules/oauth-sign Completed in 0ms
452 timing idealTree:node_modules/performance-now Completed in 0ms
453 timing idealTree:node_modules/qs Completed in 0ms
454 silly fetch manifest request@^2.34
455 silly placeDep ROOT bluebird@3.7.2 OK for: request-promise@4.2.6 want: ^3.5.0
456 silly placeDep ROOT request-promise-core@1.1.4 OK for: request-promise@4.2.6 want: 1.1.4
457 silly placeDep ROOT stealthy-require@1.1.1 OK for: request-promise@4.2.6 want: ^1.1.1
458 silly fetch manifest lodash@^4.17.19
459 http fetch GET 200 https://registry.npmjs.org/lodash 385ms (cache miss)
460 timing idealTree:node_modules/request-promise Completed in 417ms
461 timing idealTree:node_modules/bluebird Completed in 0ms
462 silly placeDep ROOT lodash@4.17.21 OK for: request-promise-core@1.1.4 want: ^4.17.19
463 timing idealTree:node_modules/request-promise-core Completed in 7ms
464 timing idealTree:node_modules/lodash Completed in 0ms
465 timing idealTree:node_modules/safe-buffer Completed in 0ms
466 timing idealTree:node_modules/safe-regex-test Completed in 0ms
467 timing idealTree:node_modules/side-channel Completed in 1ms
468 silly placeDep ROOT asn1@0.2.6 OK for: sshpk@1.17.0 want: ~0.2.3
469 silly placeDep ROOT bcrypt-pbkdf@1.0.2 OK for: sshpk@1.17.0 want: ^1.0.0
470 silly placeDep ROOT dashdash@1.14.1 OK for: sshpk@1.17.0 want: ^1.12.0
471 silly placeDep ROOT ecc-jsbn@0.1.2 OK for: sshpk@1.17.0 want: ~0.1.1
472 silly placeDep ROOT getpass@0.1.7 OK for: sshpk@1.17.0 want: ^0.1.1
473 silly placeDep ROOT jsbn@0.1.1 OK for: sshpk@1.17.0 want: ~0.1.0
474 silly placeDep ROOT safer-buffer@2.1.2 OK for: sshpk@1.17.0 want: ^2.0.2
475 silly placeDep ROOT tweetnacl@0.14.5 OK for: sshpk@1.17.0 want: ~0.14.0
476 timing idealTree:node_modules/sshpk Completed in 36ms
477 timing idealTree:node_modules/asn1 Completed in 0ms
478 timing idealTree:node_modules/bcrypt-pbkdf Completed in 0ms
479 timing idealTree:node_modules/dashdash Completed in 1ms
480 timing idealTree:node_modules/ecc-jsbn Completed in 0ms
481 timing idealTree:node_modules/getpass Completed in 0ms
482 timing idealTree:node_modules/jsbn Completed in 0ms
483 timing idealTree:node_modules/safer-buffer Completed in 1ms
484 timing idealTree:node_modules/stealthy-require Completed in 0ms
485 silly placeDep node_modules/string_decoder safe-buffer@5.1.2 OK for: string_decoder@1.1.1 want: ~5.1.0
486 timing idealTree:node_modules/string_decoder Completed in 5ms
487 timing idealTree:node_modules/string.prototype.trimend Completed in 0ms
488 timing idealTree:node_modules/string.prototype.trimstart Completed in 0ms
489 silly placeDep ROOT psl@1.9.0 OK for: tough-cookie@2.5.0 want: ^1.1.28
490 silly placeDep ROOT punycode@2.3.0 OK for: tough-cookie@2.5.0 want: ^2.1.1
491 timing idealTree:node_modules/tough-cookie Completed in 8ms
492 timing idealTree:node_modules/psl Completed in 0ms
493 timing idealTree:node_modules/punycode Completed in 0ms
494 timing idealTree:node_modules/tunnel-agent Completed in 0ms
495 timing idealTree:node_modules/tweetnacl Completed in 0ms
496 timing idealTree:node_modules/typed-array-length Completed in 0ms
497 silly placeDep ROOT has-bigints@1.0.2 OK for: unbox-primitive@1.0.2 want: ^1.0.2
498 silly placeDep ROOT which-boxed-primitive@1.0.2 OK for: unbox-primitive@1.0.2 want: ^1.0.2
499 silly fetch manifest is-bigint@^1.0.1
500 silly fetch manifest is-boolean-object@^1.1.0
501 silly fetch manifest is-number-object@^1.0.4
502 http fetch GET 200 https://registry.npmjs.org/is-bigint 196ms (cache miss)
503 http fetch GET 200 https://registry.npmjs.org/is-number-object 193ms (cache miss)
504 http fetch GET 200 https://registry.npmjs.org/is-boolean-object 206ms (cache miss)
505 timing idealTree:node_modules/unbox-primitive Completed in 226ms
506 timing idealTree:node_modules/has-bigints Completed in 0ms
507 timing idealTree:node_modules/uri-js Completed in 0ms
508 timing idealTree:node_modules/util-deprecate Completed in 0ms
509 timing idealTree:node_modules/uuid Completed in 0ms
510 silly placeDep node_modules/verror core-util-is@1.0.2 OK for: verror@1.10.0 want: 1.0.2
511 timing idealTree:node_modules/verror Completed in 5ms
512 silly placeDep ROOT is-bigint@1.0.4 OK for: which-boxed-primitive@1.0.2 want: ^1.0.1
513 silly placeDep ROOT is-boolean-object@1.1.2 OK for: which-boxed-primitive@1.0.2 want: ^1.1.0
514 silly placeDep ROOT is-number-object@1.0.7 OK for: which-boxed-primitive@1.0.2 want: ^1.0.4
515 timing idealTree:node_modules/which-boxed-primitive Completed in 15ms
516 timing idealTree:node_modules/is-bigint Completed in 1ms
517 timing idealTree:node_modules/is-boolean-object Completed in 0ms
518 timing idealTree:node_modules/is-number-object Completed in 0ms
519 timing idealTree:node_modules/which-typed-array Completed in 0ms
520 timing idealTree:node_modules/wrappy Completed in 0ms
521 timing idealTree:node_modules/readable-stream/node_modules/safe-buffer Completed in 0ms
522 timing idealTree:node_modules/string_decoder/node_modules/safe-buffer Completed in 0ms
523 timing idealTree:node_modules/verror/node_modules/core-util-is Completed in 0ms
524 timing idealTree:buildDeps Completed in 32914ms
525 timing idealTree:fixDepFlags Completed in 12ms
526 timing idealTree Completed in 33026ms
527 timing reify:loadTrees Completed in 33033ms
528 timing reify:diffTrees Completed in 15ms
529 silly reify moves {}
530 timing reify:retireShallow Completed in 6ms
531 timing reify:createSparse Completed in 47ms
532 timing reify:loadBundles Completed in 0ms
533 silly tarball no local data for is-boolean-object@https://registry.npmjs.org/is-boolean-object/-/is-boolean-object-1.1.2.tgz. Extracting by manifest.
534 silly tarball no local data for is-bigint@https://registry.npmjs.org/is-bigint/-/is-bigint-1.0.4.tgz. Extracting by manifest.
535 silly tarball no local data for which-boxed-primitive@https://registry.npmjs.org/which-boxed-primitive/-/which-boxed-primitive-1.0.2.tgz. Extracting by manifest.
536 silly tarball no local data for punycode@https://registry.npmjs.org/punycode/-/punycode-2.3.0.tgz. Extracting by manifest.
537 silly tarball no local data for psl@https://registry.npmjs.org/psl/-/psl-1.9.0.tgz. Extracting by manifest.
538 silly tarball no local data for tweetnacl@https://registry.npmjs.org/tweetnacl/-/tweetnacl-0.14.5.tgz. Extracting by manifest.
539 silly tarball no local data for is-number-object@https://registry.npmjs.org/is-number-object/-/is-number-object-1.0.7.tgz. Extracting by manifest.
540 silly tarball no local data for has-bigints@https://registry.npmjs.org/has-bigints/-/has-bigints-1.0.2.tgz. Extracting by manifest.
541 silly tarball no local data for jsbn@https://registry.npmjs.org/jsbn/-/jsbn-0.1.1.tgz. Extracting by manifest.
542 silly tarball no local data for safer-buffer@https://registry.npmjs.org/safer-buffer/-/safer-buffer-2.1.2.tgz. Extracting by manifest.
543 silly tarball no local data for getpass@https://registry.npmjs.org/getpass/-/getpass-0.1.7.tgz. Extracting by manifest.
544 silly tarball no local data for ecc-jsbn@https://registry.npmjs.org/ecc-jsbn/-/ecc-jsbn-0.1.2.tgz. Extracting by manifest.
545 silly tarball no local data for dashdash@https://registry.npmjs.org/dashdash/-/dashdash-1.14.1.tgz. Extracting by manifest.
546 silly tarball no local data for bcrypt-pbkdf@https://registry.npmjs.org/bcrypt-pbkdf/-/bcrypt-pbkdf-1.0.2.tgz. Extracting by manifest.
547 silly tarball no local data for asn1@https://registry.npmjs.org/asn1/-/asn1-0.2.6.tgz. Extracting by manifest.
548 silly tarball no local data for lodash@https://registry.npmjs.org/lodash/-/lodash-4.17.21.tgz. Extracting by manifest.
549 silly tarball no local data for stealthy-require@https://registry.npmjs.org/stealthy-require/-/stealthy-require-1.1.1.tgz. Extracting by manifest.
550 silly tarball no local data for request-promise-core@https://registry.npmjs.org/request-promise-core/-/request-promise-core-1.1.4.tgz. Extracting by manifest.
551 silly tarball no local data for bluebird@https://registry.npmjs.org/bluebird/-/bluebird-3.7.2.tgz. Extracting by manifest.
552 silly tarball no local data for verror@https://registry.npmjs.org/verror/-/verror-1.10.0.tgz. Extracting by manifest.
553 silly tarball no local data for mime-db@https://registry.npmjs.org/mime-db/-/mime-db-1.52.0.tgz. Extracting by manifest.
554 silly tarball no local data for json-schema@https://registry.npmjs.org/json-schema/-/json-schema-0.4.0.tgz. Extracting by manifest.
555 silly tarball no local data for extsprintf@https://registry.npmjs.org/extsprintf/-/extsprintf-1.3.0.tgz. Extracting by manifest.
556 silly tarball no local data for sshpk@https://registry.npmjs.org/sshpk/-/sshpk-1.17.0.tgz. Extracting by manifest.
557 silly tarball no local data for jsprim@https://registry.npmjs.org/jsprim/-/jsprim-1.4.2.tgz. Extracting by manifest.
558 silly tarball no local data for assert-plus@https://registry.npmjs.org/assert-plus/-/assert-plus-1.0.0.tgz. Extracting by manifest.
559 silly tarball no local data for uri-js@https://registry.npmjs.org/uri-js/-/uri-js-4.4.1.tgz. Extracting by manifest.
560 silly tarball no local data for json-schema-traverse@https://registry.npmjs.org/json-schema-traverse/-/json-schema-traverse-0.4.1.tgz. Extracting by manifest.
561 silly tarball no local data for fast-json-stable-stringify@https://registry.npmjs.org/fast-json-stable-stringify/-/fast-json-stable-stringify-2.1.0.tgz. Extracting by manifest.
562 silly tarball no local data for fast-deep-equal@https://registry.npmjs.org/fast-deep-equal/-/fast-deep-equal-3.1.3.tgz. Extracting by manifest.
563 silly tarball no local data for har-schema@https://registry.npmjs.org/har-schema/-/har-schema-2.0.0.tgz. Extracting by manifest.
564 silly tarball no local data for ajv@https://registry.npmjs.org/ajv/-/ajv-6.12.6.tgz. Extracting by manifest.
565 silly tarball no local data for asynckit@https://registry.npmjs.org/asynckit/-/asynckit-0.4.0.tgz. Extracting by manifest.
566 silly tarball no local data for delayed-stream@https://registry.npmjs.org/delayed-stream/-/delayed-stream-1.0.0.tgz. Extracting by manifest.
567 silly tarball no local data for tunnel-agent@https://registry.npmjs.org/tunnel-agent/-/tunnel-agent-0.6.0.tgz. Extracting by manifest.
568 silly tarball no local data for uuid@https://registry.npmjs.org/uuid/-/uuid-3.4.0.tgz. Extracting by manifest.
569 silly tarball no local data for tough-cookie@https://registry.npmjs.org/tough-cookie/-/tough-cookie-2.5.0.tgz. Extracting by manifest.
570 silly tarball no local data for qs@https://registry.npmjs.org/qs/-/qs-6.5.3.tgz. Extracting by manifest.
571 silly tarball no local data for performance-now@https://registry.npmjs.org/performance-now/-/performance-now-2.1.0.tgz. Extracting by manifest.
572 silly tarball no local data for oauth-sign@https://registry.npmjs.org/oauth-sign/-/oauth-sign-0.9.0.tgz. Extracting by manifest.
573 silly tarball no local data for mime-types@https://registry.npmjs.org/mime-types/-/mime-types-2.1.35.tgz. Extracting by manifest.
574 silly tarball no local data for json-stringify-safe@https://registry.npmjs.org/json-stringify-safe/-/json-stringify-safe-5.0.1.tgz. Extracting by manifest.
575 silly tarball no local data for isstream@https://registry.npmjs.org/isstream/-/isstream-0.1.2.tgz. Extracting by manifest.
576 silly tarball no local data for is-typedarray@https://registry.npmjs.org/is-typedarray/-/is-typedarray-1.0.0.tgz. Extracting by manifest.
577 silly tarball no local data for http-signature@https://registry.npmjs.org/http-signature/-/http-signature-1.2.0.tgz. Extracting by manifest.
578 silly tarball no local data for har-validator@https://registry.npmjs.org/har-validator/-/har-validator-5.1.5.tgz. Extracting by manifest.
579 silly tarball no local data for form-data@https://registry.npmjs.org/form-data/-/form-data-2.3.3.tgz. Extracting by manifest.
580 silly tarball no local data for extend@https://registry.npmjs.org/extend/-/extend-3.0.2.tgz. Extracting by manifest.
581 silly tarball no local data for forever-agent@https://registry.npmjs.org/forever-agent/-/forever-agent-0.6.1.tgz. Extracting by manifest.
582 silly tarball no local data for combined-stream@https://registry.npmjs.org/combined-stream/-/combined-stream-1.0.8.tgz. Extracting by manifest.
583 silly tarball no local data for aws4@https://registry.npmjs.org/aws4/-/aws4-1.12.0.tgz. Extracting by manifest.
584 silly tarball no local data for caseless@https://registry.npmjs.org/caseless/-/caseless-0.12.0.tgz. Extracting by manifest.
585 silly tarball no local data for aws-sign2@https://registry.npmjs.org/aws-sign2/-/aws-sign2-0.7.0.tgz. Extracting by manifest.
586 silly tarball no local data for util-deprecate@https://registry.npmjs.org/util-deprecate/-/util-deprecate-1.0.2.tgz. Extracting by manifest.
587 silly tarball no local data for string_decoder@https://registry.npmjs.org/string_decoder/-/string_decoder-1.1.1.tgz. Extracting by manifest.
588 silly tarball no local data for process-nextick-args@https://registry.npmjs.org/process-nextick-args/-/process-nextick-args-2.0.1.tgz. Extracting by manifest.
589 silly tarball no local data for isarray@https://registry.npmjs.org/isarray/-/isarray-1.0.0.tgz. Extracting by manifest.
590 silly tarball no local data for inherits@https://registry.npmjs.org/inherits/-/inherits-2.0.4.tgz. Extracting by manifest.
591 silly tarball no local data for core-util-is@https://registry.npmjs.org/core-util-is/-/core-util-is-1.0.3.tgz. Extracting by manifest.
592 silly tarball no local data for wrappy@https://registry.npmjs.org/wrappy/-/wrappy-1.0.2.tgz. Extracting by manifest.
593 silly tarball no local data for once@https://registry.npmjs.org/once/-/once-1.4.0.tgz. Extracting by manifest.
594 silly tarball no local data for end-of-stream@https://registry.npmjs.org/end-of-stream/-/end-of-stream-1.4.4.tgz. Extracting by manifest.
595 silly tarball no local data for for-each@https://registry.npmjs.org/for-each/-/for-each-0.3.3.tgz. Extracting by manifest.
596 silly tarball no local data for side-channel@https://registry.npmjs.org/side-channel/-/side-channel-1.0.4.tgz. Extracting by manifest.
597 silly tarball no local data for functions-have-names@https://registry.npmjs.org/functions-have-names/-/functions-have-names-1.2.3.tgz. Extracting by manifest.
598 silly tarball no local data for is-symbol@https://registry.npmjs.org/is-symbol/-/is-symbol-1.0.4.tgz. Extracting by manifest.
599 silly tarball no local data for is-date-object@https://registry.npmjs.org/is-date-object/-/is-date-object-1.0.5.tgz. Extracting by manifest.
600 silly tarball no local data for has-tostringtag@https://registry.npmjs.org/has-tostringtag/-/has-tostringtag-1.0.0.tgz. Extracting by manifest.
601 silly tarball no local data for which-typed-array@https://registry.npmjs.org/which-typed-array/-/which-typed-array-1.1.9.tgz. Extracting by manifest.
602 silly tarball no local data for unbox-primitive@https://registry.npmjs.org/unbox-primitive/-/unbox-primitive-1.0.2.tgz. Extracting by manifest.
603 silly tarball no local data for typed-array-length@https://registry.npmjs.org/typed-array-length/-/typed-array-length-1.0.4.tgz. Extracting by manifest.
604 silly tarball no local data for string.prototype.trimstart@https://registry.npmjs.org/string.prototype.trimstart/-/string.prototype.trimstart-1.0.6.tgz. Extracting by manifest.
605 silly tarball no local data for string.prototype.trimend@https://registry.npmjs.org/string.prototype.trimend/-/string.prototype.trimend-1.0.6.tgz. Extracting by manifest.
606 silly tarball no local data for safe-regex-test@https://registry.npmjs.org/safe-regex-test/-/safe-regex-test-1.0.0.tgz. Extracting by manifest.
607 silly tarball no local data for regexp.prototype.flags@https://registry.npmjs.org/regexp.prototype.flags/-/regexp.prototype.flags-1.4.3.tgz. Extracting by manifest.
608 silly tarball no local data for object.assign@https://registry.npmjs.org/object.assign/-/object.assign-4.1.4.tgz. Extracting by manifest.
609 silly tarball no local data for object-inspect@https://registry.npmjs.org/object-inspect/-/object-inspect-1.12.3.tgz. Extracting by manifest.
610 silly tarball no local data for is-weakref@https://registry.npmjs.org/is-weakref/-/is-weakref-1.0.2.tgz. Extracting by manifest.
611 silly tarball no local data for is-string@https://registry.npmjs.org/is-string/-/is-string-1.0.7.tgz. Extracting by manifest.
612 silly tarball no local data for is-shared-array-buffer@https://registry.npmjs.org/is-shared-array-buffer/-/is-shared-array-buffer-1.0.2.tgz. Extracting by manifest.
613 silly tarball no local data for is-regex@https://registry.npmjs.org/is-regex/-/is-regex-1.1.4.tgz. Extracting by manifest.
614 silly tarball no local data for is-negative-zero@https://registry.npmjs.org/is-negative-zero/-/is-negative-zero-2.0.2.tgz. Extracting by manifest.
615 silly tarball no local data for is-callable@https://registry.npmjs.org/is-callable/-/is-callable-1.2.7.tgz. Extracting by manifest.
616 silly tarball no local data for is-array-buffer@https://registry.npmjs.org/is-array-buffer/-/is-array-buffer-3.0.2.tgz. Extracting by manifest.
617 silly tarball no local data for internal-slot@https://registry.npmjs.org/internal-slot/-/internal-slot-1.0.5.tgz. Extracting by manifest.
618 silly tarball no local data for has-symbols@https://registry.npmjs.org/has-symbols/-/has-symbols-1.0.3.tgz. Extracting by manifest.
619 silly tarball no local data for has-proto@https://registry.npmjs.org/has-proto/-/has-proto-1.0.1.tgz. Extracting by manifest.
620 silly tarball no local data for has@https://registry.npmjs.org/has/-/has-1.0.3.tgz. Extracting by manifest.
621 silly tarball no local data for gopd@https://registry.npmjs.org/gopd/-/gopd-1.0.1.tgz. Extracting by manifest.
622 silly tarball no local data for globalthis@https://registry.npmjs.org/globalthis/-/globalthis-1.0.3.tgz. Extracting by manifest.
623 silly tarball no local data for get-symbol-description@https://registry.npmjs.org/get-symbol-description/-/get-symbol-description-1.0.0.tgz. Extracting by manifest.
624 silly tarball no local data for function.prototype.name@https://registry.npmjs.org/function.prototype.name/-/function.prototype.name-1.1.5.tgz. Extracting by manifest.
625 silly tarball no local data for es-to-primitive@https://registry.npmjs.org/es-to-primitive/-/es-to-primitive-1.2.1.tgz. Extracting by manifest.
626 silly tarball no local data for es-set-tostringtag@https://registry.npmjs.org/es-set-tostringtag/-/es-set-tostringtag-2.0.1.tgz. Extracting by manifest.
627 silly tarball no local data for available-typed-arrays@https://registry.npmjs.org/available-typed-arrays/-/available-typed-arrays-1.0.5.tgz. Extracting by manifest.
628 silly tarball no local data for has-property-descriptors@https://registry.npmjs.org/has-property-descriptors/-/has-property-descriptors-1.0.0.tgz. Extracting by manifest.
629 silly tarball no local data for ms@https://registry.npmjs.org/ms/-/ms-2.1.3.tgz. Extracting by manifest.
630 silly tarball no local data for get-intrinsic@https://registry.npmjs.org/get-intrinsic/-/get-intrinsic-1.2.0.tgz. Extracting by manifest.
631 silly tarball no local data for function-bind@https://registry.npmjs.org/function-bind/-/function-bind-1.1.1.tgz. Extracting by manifest.
632 silly tarball no local data for object-keys@https://registry.npmjs.org/object-keys/-/object-keys-1.1.1.tgz. Extracting by manifest.
633 silly tarball no local data for safe-buffer@https://registry.npmjs.org/safe-buffer/-/safe-buffer-5.2.1.tgz. Extracting by manifest.
634 silly tarball no local data for readable-stream@https://registry.npmjs.org/readable-stream/-/readable-stream-2.3.8.tgz. Extracting by manifest.
635 silly tarball no local data for es-abstract@https://registry.npmjs.org/es-abstract/-/es-abstract-1.21.1.tgz. Extracting by manifest.
636 silly tarball no local data for define-properties@https://registry.npmjs.org/define-properties/-/define-properties-1.2.0.tgz. Extracting by manifest.
637 silly tarball no local data for es-shim-unscopables@https://registry.npmjs.org/es-shim-unscopables/-/es-shim-unscopables-1.0.0.tgz. Extracting by manifest.
638 silly tarball no local data for call-bind@https://registry.npmjs.org/call-bind/-/call-bind-1.0.2.tgz. Extracting by manifest.
639 silly tarball no local data for request-promise@https://registry.npmjs.org/request-promise/-/request-promise-4.2.6.tgz. Extracting by manifest.
640 silly tarball no local data for request@https://registry.npmjs.org/request/-/request-2.88.2.tgz. Extracting by manifest.
641 silly tarball no local data for pump@https://registry.npmjs.org/pump/-/pump-2.0.1.tgz. Extracting by manifest.
642 silly tarball no local data for mime@https://registry.npmjs.org/mime/-/mime-1.6.0.tgz. Extracting by manifest.
643 silly tarball no local data for file-type@https://registry.npmjs.org/file-type/-/file-type-3.9.0.tgz. Extracting by manifest.
644 silly tarball no local data for eventemitter3@https://registry.npmjs.org/eventemitter3/-/eventemitter3-3.1.2.tgz. Extracting by manifest.
645 silly tarball no local data for debug@https://registry.npmjs.org/debug/-/debug-3.2.7.tgz. Extracting by manifest.
646 silly tarball no local data for array.prototype.findindex@https://registry.npmjs.org/array.prototype.findindex/-/array.prototype.findindex-2.2.1.tgz. Extracting by manifest.
647 silly tarball no local data for node-telegram-bot-api@https://registry.npmjs.org/node-telegram-bot-api/-/node-telegram-bot-api-0.61.0.tgz. Extracting by manifest.
648 silly tarball no local data for bl@https://registry.npmjs.org/bl/-/bl-1.2.3.tgz. Extracting by manifest.
649 silly tarball no local data for core-util-is@https://registry.npmjs.org/core-util-is/-/core-util-is-1.0.2.tgz. Extracting by manifest.
650 silly tarball no local data for safe-buffer@https://registry.npmjs.org/safe-buffer/-/safe-buffer-5.1.2.tgz. Extracting by manifest.
651 silly tarball no local data for safe-buffer@https://registry.npmjs.org/safe-buffer/-/safe-buffer-5.1.2.tgz. Extracting by manifest.
652 silly tarball no local data for is-typed-array@https://registry.npmjs.org/is-typed-array/-/is-typed-array-1.1.10.tgz. Extracting by manifest.
653 http fetch GET 200 https://registry.npmjs.org/getpass/-/getpass-0.1.7.tgz 1695ms (cache miss)
654 timing reifyNode:node_modules/getpass Completed in 2027ms
655 http fetch GET 200 https://registry.npmjs.org/is-boolean-object/-/is-boolean-object-1.1.2.tgz 1790ms (cache miss)
656 http fetch GET 200 https://registry.npmjs.org/which-boxed-primitive/-/which-boxed-primitive-1.0.2.tgz 1777ms (cache miss)
657 http fetch GET 200 https://registry.npmjs.org/is-number-object/-/is-number-object-1.0.7.tgz 1753ms (cache miss)
658 http fetch GET 200 https://registry.npmjs.org/has-bigints/-/has-bigints-1.0.2.tgz 1748ms (cache miss)
659 timing reifyNode:node_modules/has-bigints Completed in 2046ms
660 http fetch GET 200 https://registry.npmjs.org/is-bigint/-/is-bigint-1.0.4.tgz 1794ms (cache miss)
661 http fetch GET 200 https://registry.npmjs.org/punycode/-/punycode-2.3.0.tgz 1781ms (cache miss)
662 timing reifyNode:node_modules/punycode Completed in 2049ms
663 timing reifyNode:node_modules/is-bigint Completed in 2053ms
664 timing reifyNode:node_modules/which-boxed-primitive Completed in 2057ms
665 timing reifyNode:node_modules/is-boolean-object Completed in 2057ms
666 timing reifyNode:node_modules/is-number-object Completed in 2061ms
667 http fetch GET 200 https://registry.npmjs.org/asn1/-/asn1-0.2.6.tgz 1705ms (cache miss)
668 timing reifyNode:node_modules/asn1 Completed in 2061ms
669 http fetch GET 200 https://registry.npmjs.org/ecc-jsbn/-/ecc-jsbn-0.1.2.tgz 1752ms (cache miss)
670 timing reifyNode:node_modules/ecc-jsbn Completed in 2091ms
671 http fetch GET 200 https://registry.npmjs.org/tweetnacl/-/tweetnacl-0.14.5.tgz 1824ms (cache miss)
672 timing reifyNode:node_modules/tweetnacl Completed in 2107ms
673 http fetch GET 200 https://registry.npmjs.org/dashdash/-/dashdash-1.14.1.tgz 1774ms (cache miss)
674 timing reifyNode:node_modules/dashdash Completed in 2118ms
675 http fetch GET 200 https://registry.npmjs.org/safer-buffer/-/safer-buffer-2.1.2.tgz 1841ms (cache miss)
676 timing reifyNode:node_modules/safer-buffer Completed in 2151ms
677 http fetch GET 200 https://registry.npmjs.org/bcrypt-pbkdf/-/bcrypt-pbkdf-1.0.2.tgz 1816ms (cache miss)
678 timing reifyNode:node_modules/bcrypt-pbkdf Completed in 2166ms
679 http fetch GET 200 https://registry.npmjs.org/jsbn/-/jsbn-0.1.1.tgz 1868ms (cache miss)
680 timing reifyNode:node_modules/jsbn Completed in 2170ms
681 http fetch GET 200 https://registry.npmjs.org/stealthy-require/-/stealthy-require-1.1.1.tgz 2014ms (cache miss)
682 timing reifyNode:node_modules/stealthy-require Completed in 2384ms
683 http fetch GET 200 https://registry.npmjs.org/request-promise-core/-/request-promise-core-1.1.4.tgz 2236ms (cache miss)
684 timing reifyNode:node_modules/request-promise-core Completed in 2623ms
685 http fetch GET 200 https://registry.npmjs.org/verror/-/verror-1.10.0.tgz 2574ms (cache miss)
686 timing reifyNode:node_modules/verror Completed in 2976ms
687 http fetch GET 200 https://registry.npmjs.org/json-schema/-/json-schema-0.4.0.tgz 2589ms (cache miss)
688 timing reifyNode:node_modules/json-schema Completed in 3004ms
689 http fetch GET 200 https://registry.npmjs.org/extsprintf/-/extsprintf-1.3.0.tgz 3102ms (cache miss)
690 timing reifyNode:node_modules/extsprintf Completed in 3524ms
691 http fetch GET 200 https://registry.npmjs.org/sshpk/-/sshpk-1.17.0.tgz 3751ms (cache miss)
692 timing reifyNode:node_modules/sshpk Completed in 4180ms
693 http fetch GET 200 https://registry.npmjs.org/jsprim/-/jsprim-1.4.2.tgz 4079ms (cache miss)
694 timing reifyNode:node_modules/jsprim Completed in 4514ms
695 http fetch GET 200 https://registry.npmjs.org/assert-plus/-/assert-plus-1.0.0.tgz 4111ms (cache miss)
696 timing reifyNode:node_modules/assert-plus Completed in 4551ms
697 http fetch GET 200 https://registry.npmjs.org/mime-db/-/mime-db-1.52.0.tgz 4147ms (cache miss)
698 timing reifyNode:node_modules/mime-db Completed in 4555ms
699 http fetch GET 200 https://registry.npmjs.org/json-schema-traverse/-/json-schema-traverse-0.4.1.tgz 4171ms (cache miss)
700 timing reifyNode:node_modules/json-schema-traverse Completed in 4627ms
701 http fetch GET 200 https://registry.npmjs.org/fast-json-stable-stringify/-/fast-json-stable-stringify-2.1.0.tgz 4391ms (cache miss)
702 timing reifyNode:node_modules/fast-json-stable-stringify Completed in 4878ms
703 http fetch GET 200 https://registry.npmjs.org/fast-deep-equal/-/fast-deep-equal-3.1.3.tgz 5652ms (cache miss)
704 timing reifyNode:node_modules/fast-deep-equal Completed in 6132ms
705 http fetch GET 200 https://registry.npmjs.org/har-schema/-/har-schema-2.0.0.tgz 5846ms (cache miss)
706 timing reifyNode:node_modules/har-schema Completed in 6336ms
707 http fetch GET 200 https://registry.npmjs.org/bluebird/-/bluebird-3.7.2.tgz 6066ms (cache miss)
708 timing reifyNode:node_modules/bluebird Completed in 6462ms
709 http fetch GET 200 https://registry.npmjs.org/asynckit/-/asynckit-0.4.0.tgz 6586ms (cache miss)
710 timing reifyNode:node_modules/asynckit Completed in 7082ms
711 http fetch GET 200 https://registry.npmjs.org/delayed-stream/-/delayed-stream-1.0.0.tgz 6620ms (cache miss)
712 timing reifyNode:node_modules/delayed-stream Completed in 7123ms
713 http fetch GET 200 https://registry.npmjs.org/tunnel-agent/-/tunnel-agent-0.6.0.tgz 6711ms (cache miss)
714 timing reifyNode:node_modules/tunnel-agent Completed in 7221ms
715 http fetch GET 200 https://registry.npmjs.org/uuid/-/uuid-3.4.0.tgz 7070ms (cache miss)
716 warn deprecated uuid@3.4.0: Please upgrade  to version 7 or higher.  Older versions may use Math.random() in certain circumstances, which is known to be problematic.  See https://v8.dev/blog/math-random for details.
717 timing reifyNode:node_modules/uuid Completed in 7615ms
718 http fetch GET 200 https://registry.npmjs.org/qs/-/qs-6.5.3.tgz 8114ms (cache miss)
719 timing reifyNode:node_modules/qs Completed in 8656ms
720 http fetch GET 200 https://registry.npmjs.org/tough-cookie/-/tough-cookie-2.5.0.tgz 8420ms (cache miss)
721 timing reifyNode:node_modules/tough-cookie Completed in 8955ms
722 http fetch GET 200 https://registry.npmjs.org/performance-now/-/performance-now-2.1.0.tgz 8409ms (cache miss)
723 timing reifyNode:node_modules/performance-now Completed in 8969ms
724 http fetch GET 200 https://registry.npmjs.org/oauth-sign/-/oauth-sign-0.9.0.tgz 8526ms (cache miss)
725 timing reifyNode:node_modules/oauth-sign Completed in 9081ms
726 http fetch GET 200 https://registry.npmjs.org/psl/-/psl-1.9.0.tgz 9897ms (cache miss)
727 timing reifyNode:node_modules/psl Completed in 10173ms
728 http fetch GET 200 https://registry.npmjs.org/mime-types/-/mime-types-2.1.35.tgz 10623ms (cache miss)
729 timing reifyNode:node_modules/mime-types Completed in 11183ms
730 http fetch GET 200 https://registry.npmjs.org/json-stringify-safe/-/json-stringify-safe-5.0.1.tgz 10625ms (cache miss)
731 timing reifyNode:node_modules/json-stringify-safe Completed in 11194ms
732 http fetch GET 200 https://registry.npmjs.org/isstream/-/isstream-0.1.2.tgz 10731ms (cache miss)
733 timing reifyNode:node_modules/isstream Completed in 11305ms
734 http fetch GET 200 https://registry.npmjs.org/is-typedarray/-/is-typedarray-1.0.0.tgz 11517ms (cache miss)
735 timing reifyNode:node_modules/is-typedarray Completed in 12098ms
736 http fetch GET 200 https://registry.npmjs.org/http-signature/-/http-signature-1.2.0.tgz 11519ms (cache miss)
737 timing reifyNode:node_modules/http-signature Completed in 12106ms
738 http fetch GET 200 https://registry.npmjs.org/har-validator/-/har-validator-5.1.5.tgz 11516ms (cache miss)
739 warn deprecated har-validator@5.1.5: this library is no longer supported
740 timing reifyNode:node_modules/har-validator Completed in 12127ms
741 http fetch GET 200 https://registry.npmjs.org/form-data/-/form-data-2.3.3.tgz 11812ms (cache miss)
742 timing reifyNode:node_modules/form-data Completed in 12430ms
743 http fetch GET 200 https://registry.npmjs.org/forever-agent/-/forever-agent-0.6.1.tgz 11844ms (cache miss)
744 timing reifyNode:node_modules/forever-agent Completed in 12474ms
745 http fetch GET 200 https://registry.npmjs.org/extend/-/extend-3.0.2.tgz 11853ms (cache miss)
746 timing reifyNode:node_modules/extend Completed in 12477ms
747 http fetch GET 200 https://registry.npmjs.org/combined-stream/-/combined-stream-1.0.8.tgz 11846ms (cache miss)
748 timing reifyNode:node_modules/combined-stream Completed in 12484ms
749 http fetch GET 200 https://registry.npmjs.org/aws4/-/aws4-1.12.0.tgz 11934ms (cache miss)
750 timing reifyNode:node_modules/aws4 Completed in 12577ms
751 http fetch GET 200 https://registry.npmjs.org/caseless/-/caseless-0.12.0.tgz 12324ms (cache miss)
752 timing reifyNode:node_modules/caseless Completed in 12975ms
753 http fetch GET 200 https://registry.npmjs.org/uri-js/-/uri-js-4.4.1.tgz 12553ms (cache miss)
754 timing reifyNode:node_modules/uri-js Completed in 13001ms
755 http fetch GET 200 https://registry.npmjs.org/aws-sign2/-/aws-sign2-0.7.0.tgz 12361ms (cache miss)
756 timing reifyNode:node_modules/aws-sign2 Completed in 13017ms
757 http fetch GET 200 https://registry.npmjs.org/util-deprecate/-/util-deprecate-1.0.2.tgz 12398ms (cache miss)
758 timing reifyNode:node_modules/util-deprecate Completed in 13075ms
759 http fetch GET 200 https://registry.npmjs.org/string_decoder/-/string_decoder-1.1.1.tgz 12402ms (cache miss)
760 timing reifyNode:node_modules/string_decoder Completed in 13085ms
761 http fetch GET 200 https://registry.npmjs.org/process-nextick-args/-/process-nextick-args-2.0.1.tgz 12689ms (cache miss)
762 timing reifyNode:node_modules/process-nextick-args Completed in 13378ms
763 http fetch GET 200 https://registry.npmjs.org/inherits/-/inherits-2.0.4.tgz 12686ms (cache miss)
764 timing reifyNode:node_modules/inherits Completed in 13389ms
765 http fetch GET 200 https://registry.npmjs.org/core-util-is/-/core-util-is-1.0.3.tgz 12681ms (cache miss)
766 timing reifyNode:node_modules/core-util-is Completed in 13390ms
767 http fetch GET 200 https://registry.npmjs.org/wrappy/-/wrappy-1.0.2.tgz 12676ms (cache miss)
768 timing reifyNode:node_modules/wrappy Completed in 13391ms
769 http fetch GET 200 https://registry.npmjs.org/end-of-stream/-/end-of-stream-1.4.4.tgz 12664ms (cache miss)
770 timing reifyNode:node_modules/end-of-stream Completed in 13392ms
771 http fetch GET 200 https://registry.npmjs.org/side-channel/-/side-channel-1.0.4.tgz 12634ms (cache miss)
772 http fetch GET 200 https://registry.npmjs.org/isarray/-/isarray-1.0.0.tgz 12703ms (cache miss)
773 timing reifyNode:node_modules/isarray Completed in 13398ms
774 http fetch GET 200 https://registry.npmjs.org/once/-/once-1.4.0.tgz 12679ms (cache miss)
775 timing reifyNode:node_modules/once Completed in 13402ms
776 http fetch GET 200 https://registry.npmjs.org/for-each/-/for-each-0.3.3.tgz 12672ms (cache miss)
777 timing reifyNode:node_modules/for-each Completed in 13406ms
778 http fetch GET 200 https://registry.npmjs.org/functions-have-names/-/functions-have-names-1.2.3.tgz 12631ms (cache miss)
779 timing reifyNode:node_modules/side-channel Completed in 13410ms
780 http fetch GET 200 https://registry.npmjs.org/is-symbol/-/is-symbol-1.0.4.tgz 12621ms (cache miss)
781 timing reifyNode:node_modules/is-symbol Completed in 13414ms
782 timing reifyNode:node_modules/functions-have-names Completed in 13415ms
783 http fetch GET 200 https://registry.npmjs.org/is-date-object/-/is-date-object-1.0.5.tgz 13037ms (cache miss)
784 timing reifyNode:node_modules/is-date-object Completed in 13858ms
785 http fetch GET 200 https://registry.npmjs.org/has-tostringtag/-/has-tostringtag-1.0.0.tgz 13283ms (cache miss)
786 timing reifyNode:node_modules/has-tostringtag Completed in 14114ms
787 http fetch GET 200 https://registry.npmjs.org/unbox-primitive/-/unbox-primitive-1.0.2.tgz 14115ms (cache miss)
788 timing reifyNode:node_modules/unbox-primitive Completed in 14957ms
789 http fetch GET 200 https://registry.npmjs.org/which-typed-array/-/which-typed-array-1.1.9.tgz 14324ms (cache miss)
790 timing reifyNode:node_modules/which-typed-array Completed in 15160ms
791 http fetch GET 200 https://registry.npmjs.org/typed-array-length/-/typed-array-length-1.0.4.tgz 14363ms (cache miss)
792 timing reifyNode:node_modules/typed-array-length Completed in 15212ms
793 http fetch GET 200 https://registry.npmjs.org/safe-regex-test/-/safe-regex-test-1.0.0.tgz 14386ms (cache miss)
794 timing reifyNode:node_modules/safe-regex-test Completed in 15256ms
795 http fetch GET 200 https://registry.npmjs.org/string.prototype.trimstart/-/string.prototype.trimstart-1.0.6.tgz 14431ms (cache miss)
796 timing reifyNode:node_modules/string.prototype.trimstart Completed in 15301ms
797 http fetch GET 200 https://registry.npmjs.org/string.prototype.trimend/-/string.prototype.trimend-1.0.6.tgz 15155ms (cache miss)
798 timing reifyNode:node_modules/string.prototype.trimend Completed in 16019ms
799 http fetch GET 200 https://registry.npmjs.org/regexp.prototype.flags/-/regexp.prototype.flags-1.4.3.tgz 15363ms (cache miss)
800 timing reifyNode:node_modules/regexp.prototype.flags Completed in 16248ms
801 http fetch GET 200 https://registry.npmjs.org/is-weakref/-/is-weakref-1.0.2.tgz 15502ms (cache miss)
802 timing reifyNode:node_modules/is-weakref Completed in 16403ms
803 http fetch GET 200 https://registry.npmjs.org/is-string/-/is-string-1.0.7.tgz 15500ms (cache miss)
804 timing reifyNode:node_modules/is-string Completed in 16405ms
805 http fetch GET 200 https://registry.npmjs.org/object-inspect/-/object-inspect-1.12.3.tgz 15542ms (cache miss)
806 timing reifyNode:node_modules/object-inspect Completed in 16430ms
807 http fetch GET 200 https://registry.npmjs.org/is-shared-array-buffer/-/is-shared-array-buffer-1.0.2.tgz 15693ms (cache miss)
808 timing reifyNode:node_modules/is-shared-array-buffer Completed in 16605ms
809 http fetch GET 200 https://registry.npmjs.org/is-regex/-/is-regex-1.1.4.tgz 15948ms (cache miss)
810 timing reifyNode:node_modules/is-regex Completed in 16868ms
811 http fetch GET 200 https://registry.npmjs.org/ajv/-/ajv-6.12.6.tgz 17292ms (cache miss)
812 timing reifyNode:node_modules/ajv Completed in 17782ms
813 http fetch GET 200 https://registry.npmjs.org/is-negative-zero/-/is-negative-zero-2.0.2.tgz 17042ms (cache miss)
814 timing reifyNode:node_modules/is-negative-zero Completed in 17967ms
815 http fetch GET 200 https://registry.npmjs.org/is-callable/-/is-callable-1.2.7.tgz 17109ms (cache miss)
816 timing reifyNode:node_modules/is-callable Completed in 18048ms
817 http fetch GET 200 https://registry.npmjs.org/is-array-buffer/-/is-array-buffer-3.0.2.tgz 17163ms (cache miss)
818 timing reifyNode:node_modules/is-array-buffer Completed in 18110ms
819 http fetch GET 200 https://registry.npmjs.org/internal-slot/-/internal-slot-1.0.5.tgz 17164ms (cache miss)
820 timing reifyNode:node_modules/internal-slot Completed in 18120ms
821 http fetch GET 200 https://registry.npmjs.org/has-symbols/-/has-symbols-1.0.3.tgz 17165ms (cache miss)
822 http fetch GET 200 https://registry.npmjs.org/has-proto/-/has-proto-1.0.1.tgz 17152ms (cache miss)
823 timing reifyNode:node_modules/has-proto Completed in 18126ms
824 timing reifyNode:node_modules/has-symbols Completed in 18130ms
825 http fetch GET 200 https://registry.npmjs.org/gopd/-/gopd-1.0.1.tgz 17402ms (cache miss)
826 timing reifyNode:node_modules/gopd Completed in 18390ms
827 http fetch GET 200 https://registry.npmjs.org/has/-/has-1.0.3.tgz 17415ms (cache miss)
828 timing reifyNode:node_modules/has Completed in 18395ms
829 http fetch GET 200 https://registry.npmjs.org/globalthis/-/globalthis-1.0.3.tgz 17508ms (cache miss)
830 http fetch GET 200 https://registry.npmjs.org/get-symbol-description/-/get-symbol-description-1.0.0.tgz 17512ms (cache miss)
831 timing reifyNode:node_modules/get-symbol-description Completed in 18516ms
832 timing reifyNode:node_modules/globalthis Completed in 18520ms
833 http fetch GET 200 https://registry.npmjs.org/function.prototype.name/-/function.prototype.name-1.1.5.tgz 18683ms (cache miss)
834 timing reifyNode:node_modules/function.prototype.name Completed in 19699ms
835 http fetch GET 200 https://registry.npmjs.org/es-to-primitive/-/es-to-primitive-1.2.1.tgz 18826ms (cache miss)
836 timing reifyNode:node_modules/es-to-primitive Completed in 19851ms
837 http fetch GET 200 https://registry.npmjs.org/es-set-tostringtag/-/es-set-tostringtag-2.0.1.tgz 18957ms (cache miss)
838 timing reifyNode:node_modules/es-set-tostringtag Completed in 19977ms
839 http fetch GET 200 https://registry.npmjs.org/available-typed-arrays/-/available-typed-arrays-1.0.5.tgz 19044ms (cache miss)
840 timing reifyNode:node_modules/available-typed-arrays Completed in 20070ms
841 http fetch GET 200 https://registry.npmjs.org/has-property-descriptors/-/has-property-descriptors-1.0.0.tgz 19346ms (cache miss)
842 timing reifyNode:node_modules/has-property-descriptors Completed in 20379ms
843 http fetch GET 200 https://registry.npmjs.org/ms/-/ms-2.1.3.tgz 19344ms (cache miss)
844 timing reifyNode:node_modules/ms Completed in 20384ms
845 http fetch GET 200 https://registry.npmjs.org/get-intrinsic/-/get-intrinsic-1.2.0.tgz 19620ms (cache miss)
846 timing reifyNode:node_modules/get-intrinsic Completed in 20666ms
847 http fetch GET 200 https://registry.npmjs.org/function-bind/-/function-bind-1.1.1.tgz 19772ms (cache miss)
848 http fetch GET 200 https://registry.npmjs.org/object-keys/-/object-keys-1.1.1.tgz 19762ms (cache miss)
849 timing reifyNode:node_modules/function-bind Completed in 20837ms
850 timing reifyNode:node_modules/object-keys Completed in 20840ms
851 http fetch GET 200 https://registry.npmjs.org/lodash/-/lodash-4.17.21.tgz 20593ms (cache miss)
852 timing reifyNode:node_modules/lodash Completed in 20957ms
853 http fetch GET 200 https://registry.npmjs.org/safe-buffer/-/safe-buffer-5.2.1.tgz 20107ms (cache miss)
854 timing reifyNode:node_modules/safe-buffer Completed in 21181ms
855 http fetch GET 200 https://registry.npmjs.org/define-properties/-/define-properties-1.2.0.tgz 20339ms (cache miss)
856 timing reifyNode:node_modules/define-properties Completed in 21433ms
857 http fetch GET 200 https://registry.npmjs.org/es-shim-unscopables/-/es-shim-unscopables-1.0.0.tgz 22248ms (cache miss)
858 timing reifyNode:node_modules/es-shim-unscopables Completed in 23351ms
859 http fetch GET 200 https://registry.npmjs.org/call-bind/-/call-bind-1.0.2.tgz 22352ms (cache miss)
860 timing reifyNode:node_modules/call-bind Completed in 23477ms
861 http fetch GET 200 https://registry.npmjs.org/request-promise/-/request-promise-4.2.6.tgz 22490ms (cache miss)
862 warn deprecated request-promise@4.2.6: request-promise has been deprecated because it extends the now deprecated request package, see https://github.com/request/request/issues/3142
863 timing reifyNode:node_modules/request-promise Completed in 23615ms
864 http fetch GET 200 https://registry.npmjs.org/request/-/request-2.88.2.tgz 22679ms (cache miss)
865 warn deprecated request@2.88.2: request has been deprecated, see https://github.com/request/request/issues/3142
866 timing reifyNode:node_modules/request Completed in 23809ms
867 http fetch GET 200 https://registry.npmjs.org/pump/-/pump-2.0.1.tgz 22694ms (cache miss)
868 timing reifyNode:node_modules/pump Completed in 23831ms
869 http fetch GET 200 https://registry.npmjs.org/mime/-/mime-1.6.0.tgz 22695ms (cache miss)
870 timing reifyNode:node_modules/mime Completed in 23839ms
871 http fetch GET 200 https://registry.npmjs.org/file-type/-/file-type-3.9.0.tgz 22745ms (cache miss)
872 timing reifyNode:node_modules/file-type Completed in 23894ms
873 http fetch GET 200 https://registry.npmjs.org/eventemitter3/-/eventemitter3-3.1.2.tgz 22747ms (cache miss)
874 timing reifyNode:node_modules/eventemitter3 Completed in 23902ms
875 http fetch GET 200 https://registry.npmjs.org/debug/-/debug-3.2.7.tgz 22784ms (cache miss)
876 timing reifyNode:node_modules/debug Completed in 23953ms
877 http fetch GET 200 https://registry.npmjs.org/array.prototype.findindex/-/array.prototype.findindex-2.2.1.tgz 22865ms (cache miss)
878 timing reifyNode:node_modules/array.prototype.findindex Completed in 24040ms
879 http fetch GET 200 https://registry.npmjs.org/bl/-/bl-1.2.3.tgz 23472ms (cache miss)
880 timing reifyNode:node_modules/bl Completed in 24655ms
881 http fetch GET 200 https://registry.npmjs.org/node-telegram-bot-api/-/node-telegram-bot-api-0.61.0.tgz 23500ms (cache miss)
882 timing reifyNode:node_modules/node-telegram-bot-api Completed in 24677ms
883 http fetch GET 200 https://registry.npmjs.org/core-util-is/-/core-util-is-1.0.2.tgz 23594ms (cache miss)
884 timing reifyNode:node_modules/verror/node_modules/core-util-is Completed in 24817ms
885 http fetch GET 200 https://registry.npmjs.org/safe-buffer/-/safe-buffer-5.1.2.tgz 23982ms (cache miss)
886 timing reifyNode:node_modules/string_decoder/node_modules/safe-buffer Completed in 25202ms
887 http fetch GET 200 https://registry.npmjs.org/safe-buffer/-/safe-buffer-5.1.2.tgz 24004ms (cache miss)
888 timing reifyNode:node_modules/readable-stream/node_modules/safe-buffer Completed in 25218ms
889 http fetch GET 200 https://registry.npmjs.org/is-typed-array/-/is-typed-array-1.1.10.tgz 24040ms (cache miss)
890 timing reifyNode:node_modules/is-typed-array Completed in 25277ms
891 http fetch GET 200 https://registry.npmjs.org/object.assign/-/object.assign-4.1.4.tgz 24415ms (cache miss)
892 timing reifyNode:node_modules/object.assign Completed in 25297ms
893 http fetch GET 200 https://registry.npmjs.org/es-abstract/-/es-abstract-1.21.1.tgz 24429ms (cache miss)
894 timing reifyNode:node_modules/es-abstract Completed in 25517ms
895 http fetch GET 200 https://registry.npmjs.org/readable-stream/-/readable-stream-2.3.8.tgz 25867ms (cache miss)
896 timing reifyNode:node_modules/readable-stream Completed in 26948ms
897 timing reify:unpack Completed in 26983ms
898 timing reify:unretire Completed in 6ms
899 timing build:queue Completed in 27ms
900 timing build:link:node_modules/mime Completed in 31ms
901 timing build:link:node_modules/uuid Completed in 22ms
902 timing build:link:node_modules/sshpk Completed in 23ms
903 timing build:link Completed in 32ms
904 timing build:deps Completed in 63ms
905 timing build Completed in 67ms
906 timing reify:build Completed in 70ms
907 timing reify:trash Completed in 0ms
908 timing reify:save Completed in 196ms
909 timing reify Completed in 60843ms
910 silly ADD node_modules/is-number-object
911 silly ADD node_modules/is-boolean-object
912 silly ADD node_modules/is-bigint
913 silly ADD node_modules/which-boxed-primitive
914 silly ADD node_modules/has-bigints
915 silly ADD node_modules/punycode
916 silly ADD node_modules/psl
917 silly ADD node_modules/tweetnacl
918 silly ADD node_modules/safer-buffer
919 silly ADD node_modules/jsbn
920 silly ADD node_modules/getpass
921 silly ADD node_modules/ecc-jsbn
922 silly ADD node_modules/dashdash
923 silly ADD node_modules/bcrypt-pbkdf
924 silly ADD node_modules/asn1
925 silly ADD node_modules/lodash
926 silly ADD node_modules/stealthy-require
927 silly ADD node_modules/request-promise-core
928 silly ADD node_modules/bluebird
929 silly ADD node_modules/mime-db
930 silly ADD node_modules/verror
931 silly ADD node_modules/verror/node_modules/core-util-is
932 silly ADD node_modules/json-schema
933 silly ADD node_modules/extsprintf
934 silly ADD node_modules/sshpk
935 silly ADD node_modules/jsprim
936 silly ADD node_modules/assert-plus
937 silly ADD node_modules/uri-js
938 silly ADD node_modules/json-schema-traverse
939 silly ADD node_modules/fast-json-stable-stringify
940 silly ADD node_modules/fast-deep-equal
941 silly ADD node_modules/har-schema
942 silly ADD node_modules/ajv
943 silly ADD node_modules/asynckit
944 silly ADD node_modules/delayed-stream
945 silly ADD node_modules/uuid
946 silly ADD node_modules/tunnel-agent
947 silly ADD node_modules/tough-cookie
948 silly ADD node_modules/qs
949 silly ADD node_modules/performance-now
950 silly ADD node_modules/oauth-sign
951 silly ADD node_modules/mime-types
952 silly ADD node_modules/json-stringify-safe
953 silly ADD node_modules/isstream
954 silly ADD node_modules/is-typedarray
955 silly ADD node_modules/http-signature
956 silly ADD node_modules/har-validator
957 silly ADD node_modules/form-data
958 silly ADD node_modules/forever-agent
959 silly ADD node_modules/extend
960 silly ADD node_modules/combined-stream
961 silly ADD node_modules/caseless
962 silly ADD node_modules/aws4
963 silly ADD node_modules/aws-sign2
964 silly ADD node_modules/util-deprecate
965 silly ADD node_modules/string_decoder
966 silly ADD node_modules/string_decoder/node_modules/safe-buffer
967 silly ADD node_modules/process-nextick-args
968 silly ADD node_modules/isarray
969 silly ADD node_modules/inherits
970 silly ADD node_modules/core-util-is
971 silly ADD node_modules/wrappy
972 silly ADD node_modules/once
973 silly ADD node_modules/end-of-stream
974 silly ADD node_modules/for-each
975 silly ADD node_modules/side-channel
976 silly ADD node_modules/functions-have-names
977 silly ADD node_modules/is-symbol
978 silly ADD node_modules/is-date-object
979 silly ADD node_modules/has-tostringtag
980 silly ADD node_modules/which-typed-array
981 silly ADD node_modules/unbox-primitive
982 silly ADD node_modules/typed-array-length
983 silly ADD node_modules/string.prototype.trimstart
984 silly ADD node_modules/string.prototype.trimend
985 silly ADD node_modules/safe-regex-test
986 silly ADD node_modules/regexp.prototype.flags
987 silly ADD node_modules/object.assign
988 silly ADD node_modules/object-inspect
989 silly ADD node_modules/is-weakref
990 silly ADD node_modules/is-typed-array
991 silly ADD node_modules/is-string
992 silly ADD node_modules/is-shared-array-buffer
993 silly ADD node_modules/is-regex
994 silly ADD node_modules/is-negative-zero
995 silly ADD node_modules/is-callable
996 silly ADD node_modules/is-array-buffer
997 silly ADD node_modules/internal-slot
998 silly ADD node_modules/has-symbols
999 silly ADD node_modules/has-proto
1000 silly ADD node_modules/has
1001 silly ADD node_modules/gopd
1002 silly ADD node_modules/globalthis
1003 silly ADD node_modules/get-symbol-description
1004 silly ADD node_modules/function.prototype.name
1005 silly ADD node_modules/es-to-primitive
1006 silly ADD node_modules/es-set-tostringtag
1007 silly ADD node_modules/available-typed-arrays
1008 silly ADD node_modules/object-keys
1009 silly ADD node_modules/has-property-descriptors
1010 silly ADD node_modules/ms
1011 silly ADD node_modules/get-intrinsic
1012 silly ADD node_modules/function-bind
1013 silly ADD node_modules/safe-buffer
1014 silly ADD node_modules/readable-stream
1015 silly ADD node_modules/readable-stream/node_modules/safe-buffer
1016 silly ADD node_modules/es-shim-unscopables
1017 silly ADD node_modules/es-abstract
1018 silly ADD node_modules/define-properties
1019 silly ADD node_modules/call-bind
1020 silly ADD node_modules/request-promise
1021 silly ADD node_modules/request
1022 silly ADD node_modules/pump
1023 silly ADD node_modules/mime
1024 silly ADD node_modules/file-type
1025 silly ADD node_modules/eventemitter3
1026 silly ADD node_modules/debug
1027 silly ADD node_modules/bl
1028 silly ADD node_modules/array.prototype.findindex
1029 silly ADD node_modules/node-telegram-bot-api
1030 timing command:install Completed in 60905ms
1031 notice
1031 notice New [33mminor[39m version of npm available! [31m9.4.0[39m -> [32m9.6.0[39m
1031 notice Changelog: [36mhttps://github.com/npm/cli/releases/tag/v9.6.0[39m
1031 notice Run [32mnpm install -g npm@9.6.0[39m to update!
1031 notice
1032 verbose exit 0
1033 timing npm Completed in 61155ms
1034 info ok
